<?xml version="1.0" encoding="UTF-8"?>
<!-- Generated by org.testng.reporters.JUnitXMLReporter -->
<testsuite hostname="Dhruba" ignored="0" name="Default test" tests="3" failures="0" timestamp="2021-05-07T16:49:47 EDT" time="0.111" errors="0">
  <testcase name="login" time="0.014" classname="com.qa.testcases.Test1"/>
  <testcase name="logout" time="0.001" classname="com.qa.testcases.Test1"/>
  <testcase name="run" time="0.014" classname="com.qa.testcases.Test1"/>
</testsuite> <!-- Default test -->
