<?xml version="1.0" encoding="UTF-8"?>
<!-- Generated by org.testng.reporters.JUnitXMLReporter -->
<testsuite hostname="Dhruba" ignored="1" name="Home Loan" tests="2" failures="0" timestamp="2021-05-07T16:50:05 EDT" time="0.055" errors="0">
  <testcase name="login" time="0.013" classname="com.qa.testcases.Test3"/>
  <testcase name="run" time="0.001" classname="com.qa.testcases.Test3"/>
  <testcase name="logout" time="0.0" classname="com.qa.testcases.Test3">
    <ignored/>
  </testcase> <!-- logout -->
</testsuite> <!-- Home Loan -->
