<?xml version="1.0" encoding="UTF-8"?>
<testng-results skipped="0" failed="0" ignored="1" total="3" passed="2">
  <reporter-output>
  </reporter-output>
  <suite name="Regression Suite" duration-ms="157" started-at="2021-05-07T16:50:05 EDT" finished-at="2021-05-07T16:50:05 EDT">
    <groups>
    </groups>
    <test name="Test" duration-ms="9" started-at="2021-05-07T16:50:05 EDT" finished-at="2021-05-07T16:50:05 EDT">
    </test> <!-- Test -->
    <test name="Car Loan" duration-ms="1" started-at="2021-05-07T16:50:05 EDT" finished-at="2021-05-07T16:50:05 EDT">
    </test> <!-- Car Loan -->
    <test name="Home Loan" duration-ms="55" started-at="2021-05-07T16:50:05 EDT" finished-at="2021-05-07T16:50:05 EDT">
      <class name="com.qa.testcases.Test3">
        <test-method status="PASS" signature="login()[pri:0, instance:com.qa.testcases.Test3@458c1321]" name="login" duration-ms="13" started-at="2021-05-07T16:50:05 EDT" finished-at="2021-05-07T16:50:05 EDT">
          <reporter-output>
          </reporter-output>
        </test-method> <!-- login -->
        <test-method status="PASS" signature="run()[pri:0, instance:com.qa.testcases.Test3@458c1321]" name="run" duration-ms="1" started-at="2021-05-07T16:50:05 EDT" finished-at="2021-05-07T16:50:05 EDT">
          <reporter-output>
          </reporter-output>
        </test-method> <!-- run -->
      </class> <!-- com.qa.testcases.Test3 -->
    </test> <!-- Home Loan -->
  </suite> <!-- Regression Suite -->
</testng-results>
